<?xml version="1.0" encoding="UTF-8"?>
<testsuite xmlns:xsi="http://www.w3.org/2001/XMLSchema-instance" xsi:noNamespaceSchemaLocation="https://maven.apache.org/surefire/maven-surefire-plugin/xsd/surefire-test-report.xsd" name="CalculateurTest" time="0.062" tests="3" errors="0" skipped="0" failures="0">
  <properties>
[...]
</properties>
  <testcase name="testMultiply1" classname="CalculateurTest" time="0.038"/>
  <testcase name="testMultiply2" classname="CalculateurTest" time="0.001"/>
  <testcase name="testMultiply3" classname="CalculateurTest" time="0.001"/>
</testsuite>